<?xml version="1.0" encoding="UTF-8"?>
<!-- Generated by org.testng.reporters.JUnitReportReporter -->
<testsuite skipped="0" hostname="MUM-45XF833" name="services.IncidentTests" tests="1" failures="0" timestamp="29 Jan 2022 06:37:35 GMT" time="5.753" errors="0">
  <testcase name="getIncidents" time="5.753" classname="services.IncidentTests"/>
</testsuite> <!-- services.IncidentTests -->
