<?xml version="1.0" encoding="UTF-8"?>
<!-- Generated by org.testng.reporters.JUnitReportReporter -->
<testsuite skipped="0" hostname="MUM-45XF833" name="runner.RunTest" tests="1" failures="0" timestamp="29 Jan 2022 06:37:35 GMT" time="5.997" errors="0">
  <testcase name="runScenario" time="5.997" classname="runner.RunTest"/>
</testsuite> <!-- runner.RunTest -->
